<?xml version="1.0" encoding="UTF-8"?>
<!-- Generated by org.testng.reporters.JUnitReportReporter -->
<testsuite skipped="2" hostname="DESKTOP-GKPLAO8" name="MavenFirst.FirstPrjMaven.GroupKTTests" tests="3" failures="0" timestamp="31 Mar 2018 15:38:34 GMT" time="6.630" errors="0">
  <testcase name="getStateInfoPath" time="6.630" classname="MavenFirst.FirstPrjMaven.GroupKTTests"/>
  <testcase name="getStateInfo" classname="MavenFirst.FirstPrjMaven.GroupKTTests">
    <skipped/>
  </testcase> <!-- getStateInfo -->
  <testcase name="getStateInfo1" classname="MavenFirst.FirstPrjMaven.GroupKTTests">
    <skipped/>
  </testcase> <!-- getStateInfo1 -->
</testsuite> <!-- MavenFirst.FirstPrjMaven.GroupKTTests -->
