<?xml version="1.0" encoding="UTF-8"?>
<!-- Generated by org.testng.reporters.JUnitReportReporter -->
<testsuite hostname="DESKTOP-GKPLAO8" name="MavenFirst.FirstPrjMaven.GoogleApiTests" tests="3" failures="0" timestamp="8 Apr 2018 00:14:46 GMT" time="2.490" errors="0">
  <testcase name="AddPlaceswithPojo" time="2.018" classname="MavenFirst.FirstPrjMaven.GoogleApiTests"/>
  <testcase name="getDetailsOnPlace" time="0.256" classname="MavenFirst.FirstPrjMaven.GoogleApiTests"/>
  <testcase name="DeleteNewlyAddedPLace" time="0.216" classname="MavenFirst.FirstPrjMaven.GoogleApiTests"/>
</testsuite> <!-- MavenFirst.FirstPrjMaven.GoogleApiTests -->
