<?xml version="1.0" encoding="UTF-8"?>
<!-- Generated by org.testng.reporters.JUnitReportReporter -->
<testsuite hostname="DESKTOP-GKPLAO8" name="MavenFirst.FirstPrjMaven.LandLord" tests="1" failures="0" timestamp="8 Apr 2018 02:53:50 GMT" time="1.743" errors="0">
  <testcase name="Validate" time="1.743" classname="MavenFirst.FirstPrjMaven.LandLord"/>
</testsuite> <!-- MavenFirst.FirstPrjMaven.LandLord -->
